[0110/095321.255:ERROR:directory_reader_win.cc(43)] FindFirstFile: Системе не удается найти указанный путь. (0x3)
[0110/210055.958:ERROR:directory_reader_win.cc(43)] FindFirstFile: Системе не удается найти указанный путь. (0x3)
[0112/192048.336:ERROR:directory_reader_win.cc(43)] FindFirstFile: Системе не удается найти указанный путь. (0x3)
[0113/194219.199:ERROR:process_reader_win.cc(151)] SuspendThread: Отказано в доступе. (0x5)
[0113/194219.199:ERROR:process_reader_win.cc(151)] SuspendThread: Отказано в доступе. (0x5)
[0113/194219.199:ERROR:process_reader_win.cc(151)] SuspendThread: Отказано в доступе. (0x5)
[0113/194219.199:ERROR:process_reader_win.cc(151)] SuspendThread: Отказано в доступе. (0x5)
[0113/194219.199:ERROR:process_reader_win.cc(151)] SuspendThread: Отказано в доступе. (0x5)
[0113/194219.199:ERROR:process_reader_win.cc(151)] SuspendThread: Отказано в доступе. (0x5)
[0113/194219.199:ERROR:process_reader_win.cc(151)] SuspendThread: Отказано в доступе. (0x5)
[0113/194219.199:ERROR:process_reader_win.cc(151)] SuspendThread: Отказано в доступе. (0x5)
[0113/194219.199:ERROR:process_reader_win.cc(151)] SuspendThread: Отказано в доступе. (0x5)
[0113/194219.199:ERROR:process_reader_win.cc(151)] SuspendThread: Отказано в доступе. (0x5)
[0113/194219.199:ERROR:process_reader_win.cc(151)] SuspendThread: Отказано в доступе. (0x5)
[0113/194219.199:ERROR:process_reader_win.cc(151)] SuspendThread: Отказано в доступе. (0x5)
[0113/194219.199:ERROR:process_reader_win.cc(151)] SuspendThread: Отказано в доступе. (0x5)
[0113/194219.199:ERROR:process_reader_win.cc(151)] SuspendThread: Отказано в доступе. (0x5)
[0113/194219.199:ERROR:process_reader_win.cc(151)] SuspendThread: Отказано в доступе. (0x5)
[0113/194219.199:ERROR:process_reader_win.cc(151)] SuspendThread: Отказано в доступе. (0x5)
[0113/194219.199:ERROR:process_reader_win.cc(151)] SuspendThread: Отказано в доступе. (0x5)
[0113/194219.199:ERROR:process_reader_win.cc(151)] SuspendThread: Отказано в доступе. (0x5)
[0113/194219.199:ERROR:process_reader_win.cc(151)] SuspendThread: Отказано в доступе. (0x5)
[0113/194219.199:ERROR:process_reader_win.cc(151)] SuspendThread: Отказано в доступе. (0x5)
[0113/194219.199:ERROR:process_reader_win.cc(151)] SuspendThread: Отказано в доступе. (0x5)
[0113/194219.199:ERROR:process_reader_win.cc(151)] SuspendThread: Отказано в доступе. (0x5)
[0113/194219.199:ERROR:process_reader_win.cc(151)] SuspendThread: Отказано в доступе. (0x5)
[0113/194219.199:ERROR:process_reader_win.cc(151)] SuspendThread: Отказано в доступе. (0x5)
[0113/194219.199:ERROR:process_reader_win.cc(151)] SuspendThread: Отказано в доступе. (0x5)
[0113/194219.199:ERROR:process_reader_win.cc(151)] SuspendThread: Отказано в доступе. (0x5)
[0113/194219.199:ERROR:process_reader_win.cc(151)] SuspendThread: Отказано в доступе. (0x5)
[0113/194219.199:ERROR:process_reader_win.cc(151)] SuspendThread: Отказано в доступе. (0x5)
[0113/194219.199:ERROR:process_reader_win.cc(151)] SuspendThread: Отказано в доступе. (0x5)
[0113/194219.199:ERROR:process_reader_win.cc(123)] NtOpenThread: {Отказано в доступе} Процесс запросил доступ к объекту, но права на доступ не предоставлены. (0xc0000022)
[0113/194219.199:ERROR:exception_snapshot_win.cc(99)] thread ID 3240 not found in process
[0113/194219.199:ERROR:process_reader_win.cc(151)] SuspendThread: Отказано в доступе. (0x5)
[0113/194219.199:ERROR:process_reader_win.cc(151)] SuspendThread: Отказано в доступе. (0x5)
[0113/194219.199:ERROR:process_reader_win.cc(151)] SuspendThread: Отказано в доступе. (0x5)
[0113/194219.199:ERROR:process_reader_win.cc(151)] SuspendThread: Отказано в доступе. (0x5)
[0113/194219.199:ERROR:process_reader_win.cc(123)] NtOpenThread: {Отказано в доступе} Процесс запросил доступ к объекту, но права на доступ не предоставлены. (0xc0000022)
[0113/194219.199:ERROR:exception_snapshot_win.cc(99)] thread ID 2860 not found in process
[0113/194219.199:ERROR:process_reader_win.cc(123)] NtOpenThread: {Отказано в доступе} Процесс запросил доступ к объекту, но права на доступ не предоставлены. (0xc0000022)
[0113/194219.199:ERROR:exception_snapshot_win.cc(99)] thread ID 13148 not found in process
[0113/194219.215:ERROR:process_reader_win.cc(151)] SuspendThread: Отказано в доступе. (0x5)
[0113/194219.215:ERROR:process_reader_win.cc(151)] SuspendThread: Отказано в доступе. (0x5)
[0113/194219.215:ERROR:process_reader_win.cc(151)] SuspendThread: Отказано в доступе. (0x5)
[0113/194219.215:ERROR:process_reader_win.cc(151)] SuspendThread: Отказано в доступе. (0x5)
[0113/194219.215:ERROR:process_reader_win.cc(151)] SuspendThread: Отказано в доступе. (0x5)
[0113/194219.215:ERROR:process_reader_win.cc(151)] SuspendThread: Отказано в доступе. (0x5)
[0113/194219.215:ERROR:process_reader_win.cc(151)] SuspendThread: Отказано в доступе. (0x5)
[0113/194219.215:ERROR:process_reader_win.cc(151)] SuspendThread: Отказано в доступе. (0x5)
[0113/194219.215:ERROR:process_reader_win.cc(151)] SuspendThread: Отказано в доступе. (0x5)
[0113/194219.215:ERROR:process_reader_win.cc(151)] SuspendThread: Отказано в доступе. (0x5)
[0113/194219.215:ERROR:process_reader_win.cc(151)] SuspendThread: Отказано в доступе. (0x5)
[0113/194219.215:ERROR:process_reader_win.cc(123)] NtOpenThread: {Отказано в доступе} Процесс запросил доступ к объекту, но права на доступ не предоставлены. (0xc0000022)
[0113/194219.215:ERROR:exception_snapshot_win.cc(99)] thread ID 4108 not found in process
[0113/194219.231:ERROR:process_reader_win.cc(151)] SuspendThread: Отказано в доступе. (0x5)
[0113/194219.231:ERROR:process_reader_win.cc(151)] SuspendThread: Отказано в доступе. (0x5)
[0113/194219.231:ERROR:process_reader_win.cc(151)] SuspendThread: Отказано в доступе. (0x5)
[0113/194219.231:ERROR:process_reader_win.cc(151)] SuspendThread: Отказано в доступе. (0x5)
[0113/194219.231:ERROR:process_reader_win.cc(151)] SuspendThread: Отказано в доступе. (0x5)
[0113/194219.231:ERROR:process_reader_win.cc(151)] SuspendThread: Отказано в доступе. (0x5)
[0113/194219.231:ERROR:process_reader_win.cc(151)] SuspendThread: Отказано в доступе. (0x5)
[0113/194219.231:ERROR:process_reader_win.cc(151)] SuspendThread: Отказано в доступе. (0x5)
[0113/194219.231:ERROR:process_reader_win.cc(151)] SuspendThread: Отказано в доступе. (0x5)
[0113/194219.231:ERROR:process_reader_win.cc(151)] SuspendThread: Отказано в доступе. (0x5)
[0113/194219.231:ERROR:process_reader_win.cc(151)] SuspendThread: Отказано в доступе. (0x5)
[0113/194219.231:ERROR:process_reader_win.cc(151)] SuspendThread: Отказано в доступе. (0x5)
[0113/194219.231:ERROR:process_reader_win.cc(151)] SuspendThread: Отказано в доступе. (0x5)
[0113/194219.231:ERROR:process_reader_win.cc(151)] SuspendThread: Отказано в доступе. (0x5)
[0113/194219.231:ERROR:process_reader_win.cc(123)] NtOpenThread: {Отказано в доступе} Процесс запросил доступ к объекту, но права на доступ не предоставлены. (0xc0000022)
[0113/194219.231:ERROR:exception_snapshot_win.cc(99)] thread ID 7716 not found in process
[0113/194219.231:ERROR:process_reader_win.cc(151)] SuspendThread: Отказано в доступе. (0x5)
[0113/194219.231:ERROR:process_reader_win.cc(151)] SuspendThread: Отказано в доступе. (0x5)
[0113/194219.231:ERROR:process_reader_win.cc(151)] SuspendThread: Отказано в доступе. (0x5)
[0113/194219.231:ERROR:process_reader_win.cc(151)] SuspendThread: Отказано в доступе. (0x5)
[0113/194219.231:ERROR:process_reader_win.cc(151)] SuspendThread: Отказано в доступе. (0x5)
[0113/194219.231:ERROR:process_reader_win.cc(151)] SuspendThread: Отказано в доступе. (0x5)
[0113/194219.231:ERROR:process_reader_win.cc(151)] SuspendThread: Отказано в доступе. (0x5)
[0113/194219.231:ERROR:process_reader_win.cc(151)] SuspendThread: Отказано в доступе. (0x5)
[0113/194219.231:ERROR:process_reader_win.cc(151)] SuspendThread: Отказано в доступе. (0x5)
[0113/194219.231:ERROR:process_reader_win.cc(151)] SuspendThread: Отказано в доступе. (0x5)
[0113/194219.231:ERROR:process_reader_win.cc(151)] SuspendThread: Отказано в доступе. (0x5)
[0113/194219.231:ERROR:process_reader_win.cc(151)] SuspendThread: Отказано в доступе. (0x5)
[0113/194219.231:ERROR:process_reader_win.cc(151)] SuspendThread: Отказано в доступе. (0x5)
[0113/194219.231:ERROR:process_reader_win.cc(151)] SuspendThread: Отказано в доступе. (0x5)
[0113/194219.231:ERROR:process_reader_win.cc(151)] SuspendThread: Отказано в доступе. (0x5)
[0113/194219.231:ERROR:process_reader_win.cc(151)] SuspendThread: Отказано в доступе. (0x5)
[0113/194219.231:ERROR:process_reader_win.cc(151)] SuspendThread: Отказано в доступе. (0x5)
[0113/194219.231:ERROR:process_reader_win.cc(123)] NtOpenThread: {Отказано в доступе} Процесс запросил доступ к объекту, но права на доступ не предоставлены. (0xc0000022)
[0113/194219.231:ERROR:process_reader_win.cc(151)] SuspendThread: Отказано в доступе. (0x5)
[0113/194219.231:ERROR:exception_snapshot_win.cc(99)] thread ID 5408 not found in process
[0113/194219.231:ERROR:process_reader_win.cc(151)] SuspendThread: Отказано в доступе. (0x5)
[0113/194219.231:ERROR:process_reader_win.cc(151)] SuspendThread: Отказано в доступе. (0x5)
[0113/194219.231:ERROR:process_reader_win.cc(151)] SuspendThread: Отказано в доступе. (0x5)
[0113/194219.231:ERROR:process_reader_win.cc(151)] SuspendThread: Отказано в доступе. (0x5)
[0113/194219.231:ERROR:process_reader_win.cc(151)] SuspendThread: Отказано в доступе. (0x5)
[0113/194219.231:ERROR:process_reader_win.cc(151)] SuspendThread: Отказано в доступе. (0x5)
[0113/194219.231:ERROR:process_reader_win.cc(151)] SuspendThread: Отказано в доступе. (0x5)
[0113/194219.231:ERROR:process_reader_win.cc(151)] SuspendThread: Отказано в доступе. (0x5)
[0113/194219.231:ERROR:process_reader_win.cc(151)] SuspendThread: Отказано в доступе. (0x5)
[0113/194219.231:ERROR:process_reader_win.cc(151)] SuspendThread: Отказано в доступе. (0x5)
[0113/194219.231:ERROR:process_reader_win.cc(123)] NtOpenThread: {Отказано в доступе} Процесс запросил доступ к объекту, но права на доступ не предоставлены. (0xc0000022)
[0113/194219.231:ERROR:exception_snapshot_win.cc(99)] thread ID 9768 not found in process
[0113/194219.246:ERROR:process_reader_win.cc(151)] SuspendThread: Отказано в доступе. (0x5)
[0113/194219.246:ERROR:process_reader_win.cc(151)] SuspendThread: Отказано в доступе. (0x5)
[0113/194219.246:ERROR:process_reader_win.cc(151)] SuspendThread: Отказано в доступе. (0x5)
[0113/194219.246:ERROR:process_reader_win.cc(151)] SuspendThread: Отказано в доступе. (0x5)
[0113/194219.246:ERROR:process_reader_win.cc(151)] SuspendThread: Отказано в доступе. (0x5)
[0113/194219.246:ERROR:process_reader_win.cc(151)] SuspendThread: Отказано в доступе. (0x5)
[0113/194219.246:ERROR:process_reader_win.cc(151)] SuspendThread: Отказано в доступе. (0x5)
[0113/194219.246:ERROR:process_reader_win.cc(151)] SuspendThread: Отказано в доступе. (0x5)
[0113/194219.246:ERROR:process_reader_win.cc(151)] SuspendThread: Отказано в доступе. (0x5)
[0113/194219.246:ERROR:process_reader_win.cc(151)] SuspendThread: Отказано в доступе. (0x5)
[0113/194219.246:ERROR:process_reader_win.cc(151)] SuspendThread: Отказано в доступе. (0x5)
[0113/194219.246:ERROR:process_reader_win.cc(123)] NtOpenThread: {Отказано в доступе} Процесс запросил доступ к объекту, но права на доступ не предоставлены. (0xc0000022)
[0113/194219.246:ERROR:exception_snapshot_win.cc(99)] thread ID 13700 not found in process
[0117/140203.296:ERROR:directory_reader_win.cc(43)] FindFirstFile: Системе не удается найти указанный путь. (0x3)
[0118/085159.086:ERROR:directory_reader_win.cc(43)] FindFirstFile: Системе не удается найти указанный путь. (0x3)
[0120/101605.868:ERROR:directory_reader_win.cc(43)] FindFirstFile: Системе не удается найти указанный путь. (0x3)
[0120/101605.889:ERROR:filesystem_win.cc(129)] GetFileAttributes C:\Users\IMAS\AppData\Local\Google\Chrome\User Data\Crashpad\attachments\482a6eb8-7b90-4dec-b45b-6bd5c8df0d2f: Системе не удается найти указанный путь. (0x3)
[0120/101605.894:ERROR:filesystem_win.cc(129)] GetFileAttributes C:\Users\IMAS\AppData\Local\Google\Chrome\User Data\Crashpad\attachments\937b7ae2-fed6-4851-acec-1070abed0fcd: Системе не удается найти указанный путь. (0x3)
[0120/101605.899:ERROR:filesystem_win.cc(129)] GetFileAttributes C:\Users\IMAS\AppData\Local\Google\Chrome\User Data\Crashpad\attachments\1c906dec-3862-4071-8595-04febf40c8e2: Системе не удается найти указанный путь. (0x3)
[0120/101605.905:ERROR:filesystem_win.cc(129)] GetFileAttributes C:\Users\IMAS\AppData\Local\Google\Chrome\User Data\Crashpad\attachments\6acc72b1-1fb5-495b-a638-1cfa189592c7: Системе не удается найти указанный путь. (0x3)
[0120/101605.910:ERROR:filesystem_win.cc(129)] GetFileAttributes C:\Users\IMAS\AppData\Local\Google\Chrome\User Data\Crashpad\attachments\9c9e2d37-b016-4e31-ab42-74377b7afe3a: Системе не удается найти указанный путь. (0x3)
[0120/101605.916:ERROR:filesystem_win.cc(129)] GetFileAttributes C:\Users\IMAS\AppData\Local\Google\Chrome\User Data\Crashpad\attachments\321a3381-769e-41ea-a65a-5a204ab0304e: Системе не удается найти указанный путь. (0x3)
[0120/101605.921:ERROR:filesystem_win.cc(129)] GetFileAttributes C:\Users\IMAS\AppData\Local\Google\Chrome\User Data\Crashpad\attachments\4e9a9d6c-9f33-469e-b3d7-d467d11295d1: Системе не удается найти указанный путь. (0x3)
[0120/101605.926:ERROR:filesystem_win.cc(129)] GetFileAttributes C:\Users\IMAS\AppData\Local\Google\Chrome\User Data\Crashpad\attachments\00020b92-6710-4eb1-8509-44c6427742e5: Системе не удается найти указанный путь. (0x3)
[0120/101605.931:ERROR:filesystem_win.cc(129)] GetFileAttributes C:\Users\IMAS\AppData\Local\Google\Chrome\User Data\Crashpad\attachments\f598945d-2589-4e5b-81a3-13848b109f9e: Системе не удается найти указанный путь. (0x3)
[0120/101605.937:ERROR:filesystem_win.cc(129)] GetFileAttributes C:\Users\IMAS\AppData\Local\Google\Chrome\User Data\Crashpad\attachments\f10cb0fe-7e12-44e4-897b-9f3104bebb7d: Системе не удается найти указанный путь. (0x3)
[0120/101605.943:ERROR:filesystem_win.cc(129)] GetFileAttributes C:\Users\IMAS\AppData\Local\Google\Chrome\User Data\Crashpad\attachments\76b40c7f-0707-4bd5-9e84-0af0966d3cbb: Системе не удается найти указанный путь. (0x3)
[0120/101605.948:ERROR:filesystem_win.cc(129)] GetFileAttributes C:\Users\IMAS\AppData\Local\Google\Chrome\User Data\Crashpad\attachments\bbad2fef-d7b3-416f-900c-d31dfa9c9df7: Системе не удается найти указанный путь. (0x3)
[0120/101605.954:ERROR:filesystem_win.cc(129)] GetFileAttributes C:\Users\IMAS\AppData\Local\Google\Chrome\User Data\Crashpad\attachments\52d44a3e-3279-4e3c-84c8-f33e6cdd7c04: Системе не удается найти указанный путь. (0x3)
[0120/101605.959:ERROR:filesystem_win.cc(129)] GetFileAttributes C:\Users\IMAS\AppData\Local\Google\Chrome\User Data\Crashpad\attachments\1ec9cefe-9343-4a54-a465-1c0f3cc5746b: Системе не удается найти указанный путь. (0x3)
[0120/101605.964:ERROR:filesystem_win.cc(129)] GetFileAttributes C:\Users\IMAS\AppData\Local\Google\Chrome\User Data\Crashpad\attachments\d52b77df-f041-4b25-b9de-409873db81ca: Системе не удается найти указанный путь. (0x3)
[0120/101605.969:ERROR:filesystem_win.cc(129)] GetFileAttributes C:\Users\IMAS\AppData\Local\Google\Chrome\User Data\Crashpad\attachments\58b83f7d-d09b-4d32-883b-e1fac4aa47ec: Системе не удается найти указанный путь. (0x3)
[0120/101605.974:ERROR:filesystem_win.cc(129)] GetFileAttributes C:\Users\IMAS\AppData\Local\Google\Chrome\User Data\Crashpad\attachments\e62855c8-fa7f-4a7b-a155-0a47b534d331: Системе не удается найти указанный путь. (0x3)
[0120/101605.979:ERROR:filesystem_win.cc(129)] GetFileAttributes C:\Users\IMAS\AppData\Local\Google\Chrome\User Data\Crashpad\attachments\96fd5f8c-08ef-4fbe-af28-7fff82ffea75: Системе не удается найти указанный путь. (0x3)
[0120/101605.984:ERROR:filesystem_win.cc(129)] GetFileAttributes C:\Users\IMAS\AppData\Local\Google\Chrome\User Data\Crashpad\attachments\a313e3b6-4744-4cff-8392-0d5b7b1ae698: Системе не удается найти указанный путь. (0x3)
[0120/101605.988:ERROR:filesystem_win.cc(129)] GetFileAttributes C:\Users\IMAS\AppData\Local\Google\Chrome\User Data\Crashpad\attachments\037ecf00-f8f8-4434-990d-6af02f63124d: Системе не удается найти указанный путь. (0x3)
[0120/101605.993:ERROR:filesystem_win.cc(129)] GetFileAttributes C:\Users\IMAS\AppData\Local\Google\Chrome\User Data\Crashpad\attachments\5175dcad-e9c6-40a4-b2eb-6da5820ec21d: Системе не удается найти указанный путь. (0x3)
[0120/101605.998:ERROR:filesystem_win.cc(129)] GetFileAttributes C:\Users\IMAS\AppData\Local\Google\Chrome\User Data\Crashpad\attachments\ac54661d-6303-4a6c-b489-c8fcd29eb595: Системе не удается найти указанный путь. (0x3)
[0120/101606.003:ERROR:filesystem_win.cc(129)] GetFileAttributes C:\Users\IMAS\AppData\Local\Google\Chrome\User Data\Crashpad\attachments\c7c3ded5-cc18-4fc1-8bde-f7ca4345a3a6: Системе не удается найти указанный путь. (0x3)
[0120/101606.007:ERROR:filesystem_win.cc(129)] GetFileAttributes C:\Users\IMAS\AppData\Local\Google\Chrome\User Data\Crashpad\attachments\9123b7bf-6eb4-4932-aefe-f3ab92dc07ab: Системе не удается найти указанный путь. (0x3)
[0120/101606.012:ERROR:filesystem_win.cc(129)] GetFileAttributes C:\Users\IMAS\AppData\Local\Google\Chrome\User Data\Crashpad\attachments\97f4f1af-9cac-4edc-ab12-817c0e2204d6: Системе не удается найти указанный путь. (0x3)
[0120/101606.017:ERROR:filesystem_win.cc(129)] GetFileAttributes C:\Users\IMAS\AppData\Local\Google\Chrome\User Data\Crashpad\attachments\a107284e-6a8c-41b2-884c-9026e0d23b9e: Системе не удается найти указанный путь. (0x3)
[0120/101606.021:ERROR:filesystem_win.cc(129)] GetFileAttributes C:\Users\IMAS\AppData\Local\Google\Chrome\User Data\Crashpad\attachments\91968e8c-43ce-45f7-995c-e71e6f820179: Системе не удается найти указанный путь. (0x3)
[0120/101606.026:ERROR:filesystem_win.cc(129)] GetFileAttributes C:\Users\IMAS\AppData\Local\Google\Chrome\User Data\Crashpad\attachments\891a01b3-6adb-491e-b87c-2b0de9666c02: Системе не удается найти указанный путь. (0x3)
[0120/101606.030:ERROR:filesystem_win.cc(129)] GetFileAttributes C:\Users\IMAS\AppData\Local\Google\Chrome\User Data\Crashpad\attachments\b42b0694-8787-4180-bc37-9a79ac10df55: Системе не удается найти указанный путь. (0x3)
[0120/101606.035:ERROR:filesystem_win.cc(129)] GetFileAttributes C:\Users\IMAS\AppData\Local\Google\Chrome\User Data\Crashpad\attachments\ab8dd379-4fa2-44c0-ace9-43bae490b528: Системе не удается найти указанный путь. (0x3)
[0120/101606.039:ERROR:filesystem_win.cc(129)] GetFileAttributes C:\Users\IMAS\AppData\Local\Google\Chrome\User Data\Crashpad\attachments\074ced94-13c2-45c8-a227-e2e21effda20: Системе не удается найти указанный путь. (0x3)
[0120/101606.043:ERROR:filesystem_win.cc(129)] GetFileAttributes C:\Users\IMAS\AppData\Local\Google\Chrome\User Data\Crashpad\attachments\f9336095-fb9b-49e4-ac97-1392129e945b: Системе не удается найти указанный путь. (0x3)
[0120/101606.048:ERROR:filesystem_win.cc(129)] GetFileAttributes C:\Users\IMAS\AppData\Local\Google\Chrome\User Data\Crashpad\attachments\f16f0de4-f35a-4273-a4ea-d19773eddcc2: Системе не удается найти указанный путь. (0x3)
[0120/101606.052:ERROR:filesystem_win.cc(129)] GetFileAttributes C:\Users\IMAS\AppData\Local\Google\Chrome\User Data\Crashpad\attachments\34b6f11d-63ba-4ede-912c-18797a4934c5: Системе не удается найти указанный путь. (0x3)
[0120/101606.056:ERROR:filesystem_win.cc(129)] GetFileAttributes C:\Users\IMAS\AppData\Local\Google\Chrome\User Data\Crashpad\attachments\73a1219c-fdf9-4fa0-9e1a-a0617652584c: Системе не удается найти указанный путь. (0x3)
[0120/101606.060:ERROR:filesystem_win.cc(129)] GetFileAttributes C:\Users\IMAS\AppData\Local\Google\Chrome\User Data\Crashpad\attachments\f362789d-c1d7-4bd5-b730-6a726b2e9edf: Системе не удается найти указанный путь. (0x3)
[0120/101606.065:ERROR:filesystem_win.cc(129)] GetFileAttributes C:\Users\IMAS\AppData\Local\Google\Chrome\User Data\Crashpad\attachments\d480e6b1-f96b-4c12-9cba-ffd149f787ff: Системе не удается найти указанный путь. (0x3)
[0120/101606.069:ERROR:filesystem_win.cc(129)] GetFileAttributes C:\Users\IMAS\AppData\Local\Google\Chrome\User Data\Crashpad\attachments\a28488e3-adae-4e49-a73f-e78fb93b64f7: Системе не удается найти указанный путь. (0x3)
[0120/101606.074:ERROR:filesystem_win.cc(129)] GetFileAttributes C:\Users\IMAS\AppData\Local\Google\Chrome\User Data\Crashpad\attachments\7f3be300-b766-44ee-a6f9-18916f87eac1: Системе не удается найти указанный путь. (0x3)
[0120/101606.079:ERROR:filesystem_win.cc(129)] GetFileAttributes C:\Users\IMAS\AppData\Local\Google\Chrome\User Data\Crashpad\attachments\ca6b553a-7696-464a-aa45-fafcf55aa644: Системе не удается найти указанный путь. (0x3)
[0120/101606.083:ERROR:filesystem_win.cc(129)] GetFileAttributes C:\Users\IMAS\AppData\Local\Google\Chrome\User Data\Crashpad\attachments\14e992bf-9f74-4ee4-9b15-92703cb602de: Системе не удается найти указанный путь. (0x3)
[0120/101606.088:ERROR:filesystem_win.cc(129)] GetFileAttributes C:\Users\IMAS\AppData\Local\Google\Chrome\User Data\Crashpad\attachments\ddc20762-ddc3-4a4c-b0ca-c28762d9329e: Системе не удается найти указанный путь. (0x3)
[0120/101606.092:ERROR:filesystem_win.cc(129)] GetFileAttributes C:\Users\IMAS\AppData\Local\Google\Chrome\User Data\Crashpad\attachments\c73ef62f-8070-49b1-b63c-1608bdb7c68a: Системе не удается найти указанный путь. (0x3)
[0120/101606.096:ERROR:filesystem_win.cc(129)] GetFileAttributes C:\Users\IMAS\AppData\Local\Google\Chrome\User Data\Crashpad\attachments\ba526c7b-d3c7-43aa-a672-6da9197bd91b: Системе не удается найти указанный путь. (0x3)
[0120/101606.100:ERROR:filesystem_win.cc(129)] GetFileAttributes C:\Users\IMAS\AppData\Local\Google\Chrome\User Data\Crashpad\attachments\5d727855-1119-4e02-ab40-552cbf3cb9b7: Системе не удается найти указанный путь. (0x3)
[0120/101606.106:ERROR:filesystem_win.cc(129)] GetFileAttributes C:\Users\IMAS\AppData\Local\Google\Chrome\User Data\Crashpad\attachments\c66f64fd-f1e8-4b73-8867-ee02998922cd: Системе не удается найти указанный путь. (0x3)
[0120/101606.110:ERROR:filesystem_win.cc(129)] GetFileAttributes C:\Users\IMAS\AppData\Local\Google\Chrome\User Data\Crashpad\attachments\338cbf5a-149a-4fe7-82bd-9aa3b5b796a7: Системе не удается найти указанный путь. (0x3)
[0120/101606.115:ERROR:filesystem_win.cc(129)] GetFileAttributes C:\Users\IMAS\AppData\Local\Google\Chrome\User Data\Crashpad\attachments\1976feee-c8e4-4e97-830e-4651e7560575: Системе не удается найти указанный путь. (0x3)
[0120/101606.119:ERROR:filesystem_win.cc(129)] GetFileAttributes C:\Users\IMAS\AppData\Local\Google\Chrome\User Data\Crashpad\attachments\2946fc8f-7400-4d05-8ba2-12ee2cba57f6: Системе не удается найти указанный путь. (0x3)
[0120/101606.123:ERROR:filesystem_win.cc(129)] GetFileAttributes C:\Users\IMAS\AppData\Local\Google\Chrome\User Data\Crashpad\attachments\72e050b0-9812-42c8-a2c3-894a4d5beb44: Системе не удается найти указанный путь. (0x3)
[0120/101606.127:ERROR:filesystem_win.cc(129)] GetFileAttributes C:\Users\IMAS\AppData\Local\Google\Chrome\User Data\Crashpad\attachments\2200fbc0-c9c1-4448-bdaf-abf85eaaf6ca: Системе не удается найти указанный путь. (0x3)
[0120/101606.131:ERROR:filesystem_win.cc(129)] GetFileAttributes C:\Users\IMAS\AppData\Local\Google\Chrome\User Data\Crashpad\attachments\ab49970e-6b37-4286-a15a-d00e424fa78a: Системе не удается найти указанный путь. (0x3)
[0120/101606.134:ERROR:filesystem_win.cc(129)] GetFileAttributes C:\Users\IMAS\AppData\Local\Google\Chrome\User Data\Crashpad\attachments\b2510e22-55da-4bdb-9969-15d8d2c586a4: Системе не удается найти указанный путь. (0x3)
[0120/101606.139:ERROR:filesystem_win.cc(129)] GetFileAttributes C:\Users\IMAS\AppData\Local\Google\Chrome\User Data\Crashpad\attachments\f0d6e683-761b-4a83-9255-2792b23831bd: Системе не удается найти указанный путь. (0x3)
[0120/101606.143:ERROR:filesystem_win.cc(129)] GetFileAttributes C:\Users\IMAS\AppData\Local\Google\Chrome\User Data\Crashpad\attachments\04f59c3d-d1f4-4089-87e0-bdadbce9773d: Системе не удается найти указанный путь. (0x3)
[0120/101606.147:ERROR:filesystem_win.cc(129)] GetFileAttributes C:\Users\IMAS\AppData\Local\Google\Chrome\User Data\Crashpad\attachments\77e75b90-cd71-43eb-af8d-ba55108bd6f0: Системе не удается найти указанный путь. (0x3)
[0120/101606.150:ERROR:filesystem_win.cc(129)] GetFileAttributes C:\Users\IMAS\AppData\Local\Google\Chrome\User Data\Crashpad\attachments\e8bcbc09-559e-485c-99e0-0754c49bd3cf: Системе не удается найти указанный путь. (0x3)
[0120/101606.154:ERROR:filesystem_win.cc(129)] GetFileAttributes C:\Users\IMAS\AppData\Local\Google\Chrome\User Data\Crashpad\attachments\1a354649-d33d-4ae8-9188-c61c3fae6752: Системе не удается найти указанный путь. (0x3)
[0120/101606.158:ERROR:filesystem_win.cc(129)] GetFileAttributes C:\Users\IMAS\AppData\Local\Google\Chrome\User Data\Crashpad\attachments\9a700c66-c197-4c06-bc26-fe3bffd3e637: Системе не удается найти указанный путь. (0x3)
[0120/101606.162:ERROR:filesystem_win.cc(129)] GetFileAttributes C:\Users\IMAS\AppData\Local\Google\Chrome\User Data\Crashpad\attachments\6fbb183d-5215-4bcd-b772-09ed979c924d: Системе не удается найти указанный путь. (0x3)
[0120/101606.166:ERROR:filesystem_win.cc(129)] GetFileAttributes C:\Users\IMAS\AppData\Local\Google\Chrome\User Data\Crashpad\attachments\2ea11cd0-77e4-4150-ac3d-b0c73d381ed6: Системе не удается найти указанный путь. (0x3)
[0120/101606.171:ERROR:filesystem_win.cc(129)] GetFileAttributes C:\Users\IMAS\AppData\Local\Google\Chrome\User Data\Crashpad\attachments\78117cb3-7ce3-4c04-b47c-a9ba28711608: Системе не удается найти указанный путь. (0x3)
[0120/101606.175:ERROR:filesystem_win.cc(129)] GetFileAttributes C:\Users\IMAS\AppData\Local\Google\Chrome\User Data\Crashpad\attachments\8c401194-9f8d-4d9a-ae02-03cee1c6686f: Системе не удается найти указанный путь. (0x3)
[0120/101606.179:ERROR:filesystem_win.cc(129)] GetFileAttributes C:\Users\IMAS\AppData\Local\Google\Chrome\User Data\Crashpad\attachments\25825fce-bc34-4ae9-beca-76dff46ead93: Системе не удается найти указанный путь. (0x3)
[0120/101606.182:ERROR:filesystem_win.cc(129)] GetFileAttributes C:\Users\IMAS\AppData\Local\Google\Chrome\User Data\Crashpad\attachments\e14ab1fe-e5cf-4f77-97a6-bf54992a7555: Системе не удается найти указанный путь. (0x3)
[0120/101606.186:ERROR:filesystem_win.cc(129)] GetFileAttributes C:\Users\IMAS\AppData\Local\Google\Chrome\User Data\Crashpad\attachments\ee92d293-08c7-48e2-b6bc-0ab9c4587184: Системе не удается найти указанный путь. (0x3)
[0120/101606.189:ERROR:filesystem_win.cc(129)] GetFileAttributes C:\Users\IMAS\AppData\Local\Google\Chrome\User Data\Crashpad\attachments\7bba474f-fbf9-43a8-ab8f-cfd3c485d2ab: Системе не удается найти указанный путь. (0x3)
[0120/101606.193:ERROR:filesystem_win.cc(129)] GetFileAttributes C:\Users\IMAS\AppData\Local\Google\Chrome\User Data\Crashpad\attachments\267d3dfe-d034-44f9-8d3f-8adeb1aa80a4: Системе не удается найти указанный путь. (0x3)
[0120/101606.197:ERROR:filesystem_win.cc(129)] GetFileAttributes C:\Users\IMAS\AppData\Local\Google\Chrome\User Data\Crashpad\attachments\de41f4c2-4fd1-4056-88b8-43b257f82377: Системе не удается найти указанный путь. (0x3)
[0120/101606.202:ERROR:filesystem_win.cc(129)] GetFileAttributes C:\Users\IMAS\AppData\Local\Google\Chrome\User Data\Crashpad\attachments\d3fbc55e-7c48-4038-8d21-95ac5fc69fc3: Системе не удается найти указанный путь. (0x3)
[0120/101606.207:ERROR:filesystem_win.cc(129)] GetFileAttributes C:\Users\IMAS\AppData\Local\Google\Chrome\User Data\Crashpad\attachments\7ba9414c-7d0a-4ce2-a006-de57546c344a: Системе не удается найти указанный путь. (0x3)
[0120/101606.211:ERROR:filesystem_win.cc(129)] GetFileAttributes C:\Users\IMAS\AppData\Local\Google\Chrome\User Data\Crashpad\attachments\02fdb091-8dad-40ad-8b35-1567c0cab820: Системе не удается найти указанный путь. (0x3)
[0120/101606.214:ERROR:filesystem_win.cc(129)] GetFileAttributes C:\Users\IMAS\AppData\Local\Google\Chrome\User Data\Crashpad\attachments\96c99da2-48e4-412b-9b80-9281773ca427: Системе не удается найти указанный путь. (0x3)
[0120/101606.218:ERROR:filesystem_win.cc(129)] GetFileAttributes C:\Users\IMAS\AppData\Local\Google\Chrome\User Data\Crashpad\attachments\db2c7dd5-1cb4-4696-af1d-045aa5c9116c: Системе не удается найти указанный путь. (0x3)
[0120/101606.222:ERROR:filesystem_win.cc(129)] GetFileAttributes C:\Users\IMAS\AppData\Local\Google\Chrome\User Data\Crashpad\attachments\78caae3b-a4b0-415a-b838-11de8d8c837c: Системе не удается найти указанный путь. (0x3)
[0120/101606.227:ERROR:filesystem_win.cc(129)] GetFileAttributes C:\Users\IMAS\AppData\Local\Google\Chrome\User Data\Crashpad\attachments\08b3775c-f4d3-47c0-a7ac-a2d3aeb6bf75: Системе не удается найти указанный путь. (0x3)
[0120/101606.231:ERROR:filesystem_win.cc(129)] GetFileAttributes C:\Users\IMAS\AppData\Local\Google\Chrome\User Data\Crashpad\attachments\56c2c634-6ee0-4e1b-bfe7-5d23428125b0: Системе не удается найти указанный путь. (0x3)
[0120/101606.235:ERROR:filesystem_win.cc(129)] GetFileAttributes C:\Users\IMAS\AppData\Local\Google\Chrome\User Data\Crashpad\attachments\24bf0707-d0dd-4527-8257-fd09aea4c2f4: Системе не удается найти указанный путь. (0x3)
[0120/101606.240:ERROR:filesystem_win.cc(129)] GetFileAttributes C:\Users\IMAS\AppData\Local\Google\Chrome\User Data\Crashpad\attachments\93d15447-d79e-4bfa-85ae-19e5c5e43716: Системе не удается найти указанный путь. (0x3)
[0120/101606.244:ERROR:filesystem_win.cc(129)] GetFileAttributes C:\Users\IMAS\AppData\Local\Google\Chrome\User Data\Crashpad\attachments\9d6b18c3-9741-42d5-88a5-f7cc2e89a500: Системе не удается найти указанный путь. (0x3)
[0120/101606.249:ERROR:filesystem_win.cc(129)] GetFileAttributes C:\Users\IMAS\AppData\Local\Google\Chrome\User Data\Crashpad\attachments\3f3d64a7-52f4-4f60-bd50-06034f124e33: Системе не удается найти указанный путь. (0x3)
[0120/101606.252:ERROR:filesystem_win.cc(129)] GetFileAttributes C:\Users\IMAS\AppData\Local\Google\Chrome\User Data\Crashpad\attachments\bc13060f-4a8e-44e6-bd5d-595f37847574: Системе не удается найти указанный путь. (0x3)
[0120/101606.256:ERROR:filesystem_win.cc(129)] GetFileAttributes C:\Users\IMAS\AppData\Local\Google\Chrome\User Data\Crashpad\attachments\2334ee41-e1b7-4868-a612-116f4f845490: Системе не удается найти указанный путь. (0x3)
[0120/101606.260:ERROR:filesystem_win.cc(129)] GetFileAttributes C:\Users\IMAS\AppData\Local\Google\Chrome\User Data\Crashpad\attachments\f1826c89-0740-4ed6-b5e6-cac30967b56e: Системе не удается найти указанный путь. (0x3)
[0120/101606.264:ERROR:filesystem_win.cc(129)] GetFileAttributes C:\Users\IMAS\AppData\Local\Google\Chrome\User Data\Crashpad\attachments\536688e8-3db0-46bb-b34c-44e4fcb32be6: Системе не удается найти указанный путь. (0x3)
[0120/101606.267:ERROR:filesystem_win.cc(129)] GetFileAttributes C:\Users\IMAS\AppData\Local\Google\Chrome\User Data\Crashpad\attachments\7059ebd9-1ef7-45ca-8206-b7c330febce0: Системе не удается найти указанный путь. (0x3)
[0120/101606.271:ERROR:filesystem_win.cc(129)] GetFileAttributes C:\Users\IMAS\AppData\Local\Google\Chrome\User Data\Crashpad\attachments\ff40e8f8-05e0-49ca-8dd3-83ed0e8291a4: Системе не удается найти указанный путь. (0x3)
[0120/101606.274:ERROR:filesystem_win.cc(129)] GetFileAttributes C:\Users\IMAS\AppData\Local\Google\Chrome\User Data\Crashpad\attachments\601c5480-cac2-44d3-b9d4-3272918d8867: Системе не удается найти указанный путь. (0x3)
[0120/101606.278:ERROR:filesystem_win.cc(129)] GetFileAttributes C:\Users\IMAS\AppData\Local\Google\Chrome\User Data\Crashpad\attachments\113bf4b4-506b-42a8-a057-4d5a3d77f499: Системе не удается найти указанный путь. (0x3)
[0120/101606.281:ERROR:filesystem_win.cc(129)] GetFileAttributes C:\Users\IMAS\AppData\Local\Google\Chrome\User Data\Crashpad\attachments\8b3fb6be-324f-4279-8575-5fed41352222: Системе не удается найти указанный путь. (0x3)
[0120/101606.284:ERROR:filesystem_win.cc(129)] GetFileAttributes C:\Users\IMAS\AppData\Local\Google\Chrome\User Data\Crashpad\attachments\71bad152-abf0-4c71-82dc-63a5be712520: Системе не удается найти указанный путь. (0x3)
[0120/101606.288:ERROR:filesystem_win.cc(129)] GetFileAttributes C:\Users\IMAS\AppData\Local\Google\Chrome\User Data\Crashpad\attachments\6c68af8e-abf9-4f16-8814-227f37ec072f: Системе не удается найти указанный путь. (0x3)
[0120/101606.290:ERROR:filesystem_win.cc(129)] GetFileAttributes C:\Users\IMAS\AppData\Local\Google\Chrome\User Data\Crashpad\attachments\08f3f2f5-35c6-4a2a-9a49-e192839d25bc: Системе не удается найти указанный путь. (0x3)
[0120/101606.293:ERROR:filesystem_win.cc(129)] GetFileAttributes C:\Users\IMAS\AppData\Local\Google\Chrome\User Data\Crashpad\attachments\6878d1f6-c600-4cc3-a76e-6656194269a9: Системе не удается найти указанный путь. (0x3)
[0120/101606.296:ERROR:filesystem_win.cc(129)] GetFileAttributes C:\Users\IMAS\AppData\Local\Google\Chrome\User Data\Crashpad\attachments\a080bb52-494b-421c-9f39-31ba5f8ffb30: Системе не удается найти указанный путь. (0x3)
[0120/101606.300:ERROR:filesystem_win.cc(129)] GetFileAttributes C:\Users\IMAS\AppData\Local\Google\Chrome\User Data\Crashpad\attachments\24329b5c-0fa3-4cfa-9822-cb20edf70d0c: Системе не удается найти указанный путь. (0x3)
[0120/101606.303:ERROR:filesystem_win.cc(129)] GetFileAttributes C:\Users\IMAS\AppData\Local\Google\Chrome\User Data\Crashpad\attachments\3f6ff5b6-2fb6-4d7a-b5db-822b73d993ed: Системе не удается найти указанный путь. (0x3)
[0120/101606.306:ERROR:filesystem_win.cc(129)] GetFileAttributes C:\Users\IMAS\AppData\Local\Google\Chrome\User Data\Crashpad\attachments\6c21232a-47a4-4cdb-a0a5-8c7556b5efc5: Системе не удается найти указанный путь. (0x3)
[0120/101606.309:ERROR:filesystem_win.cc(129)] GetFileAttributes C:\Users\IMAS\AppData\Local\Google\Chrome\User Data\Crashpad\attachments\b3688537-e61c-4178-9624-4f7c961c36c9: Системе не удается найти указанный путь. (0x3)
[0120/101606.312:ERROR:filesystem_win.cc(129)] GetFileAttributes C:\Users\IMAS\AppData\Local\Google\Chrome\User Data\Crashpad\attachments\90107bcb-6684-46b8-9a99-2404031b405f: Системе не удается найти указанный путь. (0x3)
[0120/101606.315:ERROR:filesystem_win.cc(129)] GetFileAttributes C:\Users\IMAS\AppData\Local\Google\Chrome\User Data\Crashpad\attachments\2d559b7e-4220-4c96-87f5-bc3f6148ee3c: Системе не удается найти указанный путь. (0x3)
[0120/101606.318:ERROR:filesystem_win.cc(129)] GetFileAttributes C:\Users\IMAS\AppData\Local\Google\Chrome\User Data\Crashpad\attachments\3a68ee56-973e-4ef2-9631-b719c0410b54: Системе не удается найти указанный путь. (0x3)
[0120/101606.321:ERROR:filesystem_win.cc(129)] GetFileAttributes C:\Users\IMAS\AppData\Local\Google\Chrome\User Data\Crashpad\attachments\11d64c10-5192-4359-9d8f-8ec1f20fe1fd: Системе не удается найти указанный путь. (0x3)
[0120/101606.323:ERROR:filesystem_win.cc(129)] GetFileAttributes C:\Users\IMAS\AppData\Local\Google\Chrome\User Data\Crashpad\attachments\59e6d826-44cc-45d2-9eef-43fe62daccf2: Системе не удается найти указанный путь. (0x3)
[0120/101606.326:ERROR:filesystem_win.cc(129)] GetFileAttributes C:\Users\IMAS\AppData\Local\Google\Chrome\User Data\Crashpad\attachments\0d8b4ab6-ae36-47cb-bf53-ffde2bcc9913: Системе не удается найти указанный путь. (0x3)
[0120/101606.329:ERROR:filesystem_win.cc(129)] GetFileAttributes C:\Users\IMAS\AppData\Local\Google\Chrome\User Data\Crashpad\attachments\1bd3fd87-bdbb-4018-9c17-9d3a5c43815c: Системе не удается найти указанный путь. (0x3)
[0120/101606.331:ERROR:filesystem_win.cc(129)] GetFileAttributes C:\Users\IMAS\AppData\Local\Google\Chrome\User Data\Crashpad\attachments\36249c42-3061-4535-9dbd-09a632a1b311: Системе не удается найти указанный путь. (0x3)
[0120/101606.334:ERROR:filesystem_win.cc(129)] GetFileAttributes C:\Users\IMAS\AppData\Local\Google\Chrome\User Data\Crashpad\attachments\bcecdab2-7e9d-44b8-96d6-bcbdc6a40b8e: Системе не удается найти указанный путь. (0x3)
[0120/101606.336:ERROR:filesystem_win.cc(129)] GetFileAttributes C:\Users\IMAS\AppData\Local\Google\Chrome\User Data\Crashpad\attachments\9a71cde9-01d0-4ec5-a7f0-d6239dee4c89: Системе не удается найти указанный путь. (0x3)
[0120/101606.339:ERROR:filesystem_win.cc(129)] GetFileAttributes C:\Users\IMAS\AppData\Local\Google\Chrome\User Data\Crashpad\attachments\0e31d65e-ab4b-4050-b586-2a2de771eb8b: Системе не удается найти указанный путь. (0x3)
[0120/101606.341:ERROR:filesystem_win.cc(129)] GetFileAttributes C:\Users\IMAS\AppData\Local\Google\Chrome\User Data\Crashpad\attachments\04e6e080-0896-49cc-8450-d40b41817bc0: Системе не удается найти указанный путь. (0x3)
[0120/101606.343:ERROR:filesystem_win.cc(129)] GetFileAttributes C:\Users\IMAS\AppData\Local\Google\Chrome\User Data\Crashpad\attachments\8bb637b7-2184-45e9-8f24-8ba2dda6421b: Системе не удается найти указанный путь. (0x3)
[0120/101606.346:ERROR:filesystem_win.cc(129)] GetFileAttributes C:\Users\IMAS\AppData\Local\Google\Chrome\User Data\Crashpad\attachments\bc339e36-b99f-47d5-aff5-523be87931f4: Системе не удается найти указанный путь. (0x3)
[0120/101606.348:ERROR:filesystem_win.cc(129)] GetFileAttributes C:\Users\IMAS\AppData\Local\Google\Chrome\User Data\Crashpad\attachments\a916e4ff-9ca7-42c8-9d85-4ff1499533c4: Системе не удается найти указанный путь. (0x3)
[0120/101606.351:ERROR:filesystem_win.cc(129)] GetFileAttributes C:\Users\IMAS\AppData\Local\Google\Chrome\User Data\Crashpad\attachments\ee1f0734-b65b-4a82-a875-14f9ca5831cc: Системе не удается найти указанный путь. (0x3)
[0120/101606.353:ERROR:filesystem_win.cc(129)] GetFileAttributes C:\Users\IMAS\AppData\Local\Google\Chrome\User Data\Crashpad\attachments\a4028e29-2d86-420e-9284-cbcb5a4ef202: Системе не удается найти указанный путь. (0x3)
[0120/101606.355:ERROR:filesystem_win.cc(129)] GetFileAttributes C:\Users\IMAS\AppData\Local\Google\Chrome\User Data\Crashpad\attachments\a8cfe559-1a76-49ee-b385-26ea2b7b6794: Системе не удается найти указанный путь. (0x3)
[0120/101606.357:ERROR:filesystem_win.cc(129)] GetFileAttributes C:\Users\IMAS\AppData\Local\Google\Chrome\User Data\Crashpad\attachments\85fd8bff-efd2-44c8-abaa-c5fab0ac2788: Системе не удается найти указанный путь. (0x3)
[0120/101606.359:ERROR:filesystem_win.cc(129)] GetFileAttributes C:\Users\IMAS\AppData\Local\Google\Chrome\User Data\Crashpad\attachments\60d1edf8-2eea-4659-9422-227554d1798a: Системе не удается найти указанный путь. (0x3)
[0120/101606.360:ERROR:filesystem_win.cc(129)] GetFileAttributes C:\Users\IMAS\AppData\Local\Google\Chrome\User Data\Crashpad\attachments\4a6fc6b7-fbc0-4e7c-b62f-0050a3f8ef58: Системе не удается найти указанный путь. (0x3)
[0120/101606.362:ERROR:filesystem_win.cc(129)] GetFileAttributes C:\Users\IMAS\AppData\Local\Google\Chrome\User Data\Crashpad\attachments\58aab322-7555-4a27-8d3d-cb309587c00b: Системе не удается найти указанный путь. (0x3)
[0120/101606.364:ERROR:filesystem_win.cc(129)] GetFileAttributes C:\Users\IMAS\AppData\Local\Google\Chrome\User Data\Crashpad\attachments\08a3e773-b15b-4c98-946b-474d6eaded44: Системе не удается найти указанный путь. (0x3)
[0120/101606.365:ERROR:filesystem_win.cc(129)] GetFileAttributes C:\Users\IMAS\AppData\Local\Google\Chrome\User Data\Crashpad\attachments\d4423ea4-f61a-4595-9910-faa796521171: Системе не удается найти указанный путь. (0x3)
[0120/101606.367:ERROR:filesystem_win.cc(129)] GetFileAttributes C:\Users\IMAS\AppData\Local\Google\Chrome\User Data\Crashpad\attachments\86d8e668-f573-4be6-84ca-436a8cf0ec8f: Системе не удается найти указанный путь. (0x3)
[0120/101606.368:ERROR:filesystem_win.cc(129)] GetFileAttributes C:\Users\IMAS\AppData\Local\Google\Chrome\User Data\Crashpad\attachments\726588be-d02f-40e6-bc0a-94a9dfa0dd42: Системе не удается найти указанный путь. (0x3)
[0120/101606.369:ERROR:filesystem_win.cc(129)] GetFileAttributes C:\Users\IMAS\AppData\Local\Google\Chrome\User Data\Crashpad\attachments\2069a2e8-06c0-4c08-ad83-c4fc8f7b3eda: Системе не удается найти указанный путь. (0x3)
[0120/101606.371:ERROR:filesystem_win.cc(129)] GetFileAttributes C:\Users\IMAS\AppData\Local\Google\Chrome\User Data\Crashpad\attachments\f80506c0-bb12-4e51-92f3-0ea6d6e1ec35: Системе не удается найти указанный путь. (0x3)
[0120/101606.372:ERROR:filesystem_win.cc(129)] GetFileAttributes C:\Users\IMAS\AppData\Local\Google\Chrome\User Data\Crashpad\attachments\f3fe7503-037d-405d-afd5-3ab5560f6e7f: Системе не удается найти указанный путь. (0x3)
[0120/101606.374:ERROR:filesystem_win.cc(129)] GetFileAttributes C:\Users\IMAS\AppData\Local\Google\Chrome\User Data\Crashpad\attachments\4a522bdc-46f2-4e08-97a0-698096619fe7: Системе не удается найти указанный путь. (0x3)
[0122/094509.081:ERROR:directory_reader_win.cc(43)] FindFirstFile: Системе не удается найти указанный путь. (0x3)
[0122/094509.081:ERROR:filesystem_win.cc(129)] GetFileAttributes C:\Users\IMAS\AppData\Local\Google\Chrome\User Data\Crashpad\attachments\bb2abfb6-b2c3-4278-98ad-bff09f592745: Системе не удается найти указанный путь. (0x3)
[0122/094509.081:ERROR:filesystem_win.cc(129)] GetFileAttributes C:\Users\IMAS\AppData\Local\Google\Chrome\User Data\Crashpad\attachments\948761eb-82ec-4f6f-8eba-68adffd1caf9: Системе не удается найти указанный путь. (0x3)
[0122/094509.081:ERROR:filesystem_win.cc(129)] GetFileAttributes C:\Users\IMAS\AppData\Local\Google\Chrome\User Data\Crashpad\attachments\866856b9-c0de-4e6f-bddf-91eec64e45f6: Системе не удается найти указанный путь. (0x3)
[0122/094509.081:ERROR:filesystem_win.cc(129)] GetFileAttributes C:\Users\IMAS\AppData\Local\Google\Chrome\User Data\Crashpad\attachments\a85fe30d-7c16-4245-a247-21ab3820763e: Системе не удается найти указанный путь. (0x3)
[0122/094509.081:ERROR:filesystem_win.cc(129)] GetFileAttributes C:\Users\IMAS\AppData\Local\Google\Chrome\User Data\Crashpad\attachments\1f3b8a63-7207-4477-aba2-aef45441bee2: Системе не удается найти указанный путь. (0x3)
[0122/094509.081:ERROR:filesystem_win.cc(129)] GetFileAttributes C:\Users\IMAS\AppData\Local\Google\Chrome\User Data\Crashpad\attachments\f5033659-bc3b-4e31-b6c3-572232ba8a61: Системе не удается найти указанный путь. (0x3)
[0122/094509.081:ERROR:filesystem_win.cc(129)] GetFileAttributes C:\Users\IMAS\AppData\Local\Google\Chrome\User Data\Crashpad\attachments\d4339b10-623e-485b-be1d-fd965b0c7ecf: Системе не удается найти указанный путь. (0x3)
[0124/141204.433:ERROR:directory_reader_win.cc(43)] FindFirstFile: Системе не удается найти указанный путь. (0x3)
